<?xml version="1.0" encoding="UTF-8"?>
<!-- Generated by org.testng.reporters.JUnitXMLReporter -->
<testsuite hostname="BLRCND52100713" ignored="0" name="Test" tests="1" failures="1" timestamp="22 Jan 2020 18:32:11 GMT" time="10.942" errors="0">
  <testcase name="Logintest" time="0.028" classname="Test_Scripts.verify_LoginFunctionality">
    <failure type="java.lang.NullPointerException">
      <![CDATA[java.lang.NullPointerException
at POM.orangehrmPage.setusername(orangehrmPage.java:32)
at Test_Scripts.verify_LoginFunctionality.Logintest(verify_LoginFunctionality.java:14)
... Removed 25 stack frames]]>
    </failure>
  </testcase> <!-- Logintest -->
</testsuite> <!-- Test -->
