<?xml version="1.0" encoding="UTF-8"?>
<!-- Generated by org.testng.reporters.JUnitXMLReporter -->
<testsuite hostname="BLRCND52100713" ignored="0" name="Test(failed)" tests="1" failures="0" timestamp="22 Jan 2020 18:20:40 GMT" time="1.797" errors="0">
  <testcase name="@BeforeMethod openApplication" time="1.737" classname="Generic_Methods.Base_Class">
    <failure type="org.openqa.selenium.SessionNotCreatedException" message="session not created: No matching capabilities found
Build info: version: &amp;apos;3.141.59&amp;apos;, revision: &amp;apos;e82be7d358&amp;apos;, time: &amp;apos;2018-11-14T08:17:03&amp;apos;
System info: host: &amp;apos;BLRCND52100713&amp;apos;, ip: &amp;apos;192.168.1.8&amp;apos;, os.name: &amp;apos;Windows 10&amp;apos;, os.arch: &amp;apos;amd64&amp;apos;, os.version: &amp;apos;10.0&amp;apos;, java.version: &amp;apos;1.8.0_231&amp;apos;
Driver info: driver.version: FirefoxDriver
remote stacktrace: Backtrace:
	Ordinal0 [0x0101A113+1548563]
	Ordinal0 [0x00F9DDA1+1039777]
	Ordinal0 [0x00F1E485+517253]
	Ordinal0 [0x00ECAC8F+175247]
	Ordinal0 [0x00ECA79E+173982]
	Ordinal0 [0x00ECB630+177712]
	Ordinal0 [0x00ECB59D+177565]
	Ordinal0 [0x00EC95FB+169467]
	Ordinal0 [0x00EB160A+71178]
	Ordinal0 [0x00EB2690+75408]
	Ordinal0 [0x00EB2629+75305]
	Ordinal0 [0x00FB71B7+1143223]
	GetHandleVerifier [0x010B2B46+507814]
	GetHandleVerifier [0x010B2864+507076]
	GetHandleVerifier [0x010B9F47+537511]
	GetHandleVerifier [0x010B3402+510050]
	Ordinal0 [0x00FAF29C+1110684]
	Ordinal0 [0x00FB938B+1151883]
	Ordinal0 [0x00FB94F3+1152243]
	Ordinal0 [0x00FB83F5+1147893]
	BaseThreadInitThunk [0x7747FE09+25]
	RtlGetAppContainerNamedObjectPath [0x777E607D+237]
	RtlGetAppContainerNamedObjectPath [0x777E604D+189]
">
      <![CDATA[org.openqa.selenium.SessionNotCreatedException: session not created: No matching capabilities found
Build info: version: '3.141.59', revision: 'e82be7d358', time: '2018-11-14T08:17:03'
System info: host: 'BLRCND52100713', ip: '192.168.1.8', os.name: 'Windows 10', os.arch: 'amd64', os.version: '10.0', java.version: '1.8.0_231'
Driver info: driver.version: FirefoxDriver
remote stacktrace: Backtrace:
Ordinal0 [0x0101A113+1548563]
Ordinal0 [0x00F9DDA1+1039777]
Ordinal0 [0x00F1E485+517253]
Ordinal0 [0x00ECAC8F+175247]
Ordinal0 [0x00ECA79E+173982]
Ordinal0 [0x00ECB630+177712]
Ordinal0 [0x00ECB59D+177565]
Ordinal0 [0x00EC95FB+169467]
Ordinal0 [0x00EB160A+71178]
Ordinal0 [0x00EB2690+75408]
Ordinal0 [0x00EB2629+75305]
Ordinal0 [0x00FB71B7+1143223]
GetHandleVerifier [0x010B2B46+507814]
GetHandleVerifier [0x010B2864+507076]
GetHandleVerifier [0x010B9F47+537511]
GetHandleVerifier [0x010B3402+510050]
Ordinal0 [0x00FAF29C+1110684]
Ordinal0 [0x00FB938B+1151883]
Ordinal0 [0x00FB94F3+1152243]
Ordinal0 [0x00FB83F5+1147893]
BaseThreadInitThunk [0x7747FE09+25]
RtlGetAppContainerNamedObjectPath [0x777E607D+237]
RtlGetAppContainerNamedObjectPath [0x777E604D+189]

at org.openqa.selenium.remote.W3CHandshakeResponse.lambda$errorHandler$0(W3CHandshakeResponse.java:62)
at org.openqa.selenium.remote.HandshakeResponse.lambda$getResponseFunction$0(HandshakeResponse.java:30)
at org.openqa.selenium.remote.ProtocolHandshake.lambda$createSession$0(ProtocolHandshake.java:126)
at java.util.stream.ReferencePipeline$3$1.accept(Unknown Source)
at java.util.Spliterators$ArraySpliterator.tryAdvance(Unknown Source)
at java.util.stream.ReferencePipeline.forEachWithCancel(Unknown Source)
at java.util.stream.AbstractPipeline.copyIntoWithCancel(Unknown Source)
at java.util.stream.AbstractPipeline.copyInto(Unknown Source)
at java.util.stream.AbstractPipeline.wrapAndCopyInto(Unknown Source)
at java.util.stream.FindOps$FindOp.evaluateSequential(Unknown Source)
at java.util.stream.AbstractPipeline.evaluate(Unknown Source)
at java.util.stream.ReferencePipeline.findFirst(Unknown Source)
at org.openqa.selenium.remote.ProtocolHandshake.createSession(ProtocolHandshake.java:128)
at org.openqa.selenium.remote.ProtocolHandshake.createSession(ProtocolHandshake.java:74)
at org.openqa.selenium.remote.HttpCommandExecutor.execute(HttpCommandExecutor.java:136)
at org.openqa.selenium.remote.service.DriverCommandExecutor.execute(DriverCommandExecutor.java:83)
at org.openqa.selenium.remote.RemoteWebDriver.execute(RemoteWebDriver.java:552)
at org.openqa.selenium.remote.RemoteWebDriver.startSession(RemoteWebDriver.java:213)
at org.openqa.selenium.remote.RemoteWebDriver.<init>(RemoteWebDriver.java:131)
at org.openqa.selenium.firefox.FirefoxDriver.<init>(FirefoxDriver.java:147)
at org.openqa.selenium.firefox.FirefoxDriver.<init>(FirefoxDriver.java:125)
at Generic_Methods.Base_Class.openApplication(Base_Class.java:16)
... Removed 32 stack frames]]>
    </failure>
  </testcase> <!-- @BeforeMethod openApplication -->
  <testcase name="@AfterMethod CloseApplication" time="0.0" classname="Generic_Methods.Base_Class">
    <skipped/>
  </testcase> <!-- @AfterMethod CloseApplication -->
  <testcase name="Logintest" time="0.0" classname="Test_Scripts.verify_LoginFunctionality">
    <skipped/>
  </testcase> <!-- Logintest -->
</testsuite> <!-- Test(failed) -->
